2023-08-30 14:02:12,160 [主线程] ERROR HK_SDK_DEMO.GrabImage - 软触发执行一次失败！
2023-08-30 14:02:22,692 [主线程] ERROR HK_SDK_DEMO.GrabImage - 无选中设备！
2023-08-30 14:02:25,373 [主线程] ERROR HK_SDK_DEMO.GrabImage - 关闭设备失败
2023-08-30 14:02:28,278 [主线程] ERROR HK_SDK_DEMO.GrabImage - 关闭设备失败
2023-08-30 14:02:35,889 [主线程] ERROR HK_SDK_DEMO.GrabImage - 关闭设备失败
2023-08-30 14:02:37,401 [4] ERROR HK_SDK_DEMO.GrabImage - get payload size failed
2023-08-30 14:02:38,120 [主线程] ERROR HK_SDK_DEMO.GrabImage - 采图错误
2023-08-30 14:02:42,252 [5] ERROR HK_SDK_DEMO.GrabImage - get payload size failed
2023-08-30 14:02:43,411 [主线程] ERROR HK_SDK_DEMO.GrabImage - 采图错误
2023-08-30 14:02:45,776 [6] ERROR HK_SDK_DEMO.GrabImage - get payload size failed
2023-08-30 14:02:46,271 [主线程] ERROR HK_SDK_DEMO.GrabImage - 采图错误
2023-08-30 14:02:49,316 [7] ERROR HK_SDK_DEMO.GrabImage - get payload size failed
2023-08-30 14:02:51,087 [主线程] ERROR HK_SDK_DEMO.GrabImage - 采图错误
2023-08-30 14:03:28,192 [4] ERROR HK_SDK_DEMO.GrabImage - get payload size failed
2023-08-30 14:06:07,249 [主线程] ERROR HK_SDK_DEMO.GrabImage - 无选中设备！
2023-08-30 14:07:27,754 [主线程] ERROR HK_SDK_DEMO.GrabImage - 无选中设备！
2023-08-30 14:07:30,653 [主线程] ERROR HK_SDK_DEMO.GrabImage - 关闭设备失败
2023-08-30 14:08:17,568 [主线程] ERROR HK_SDK_DEMO.GrabImage - 关闭设备失败
2023-08-30 14:09:04,559 [主线程] ERROR HK_SDK_DEMO.GrabImage - 无选中设备！
2023-08-30 14:09:06,436 [主线程] ERROR HK_SDK_DEMO.GrabImage - 关闭设备失败
2023-08-30 14:21:20,738 [主线程] ERROR HK_SDK_DEMO.GrabImage - 无选中设备！
2023-08-30 14:21:25,771 [主线程] ERROR HK_SDK_DEMO.GrabImage - 关闭设备失败
2023-08-30 14:21:29,687 [主线程] ERROR HK_SDK_DEMO.GrabImage - 无选中设备！
2023-08-30 14:22:43,829 [4] ERROR HK_SDK_DEMO.GrabImage - get payload size failed
2023-08-30 14:22:44,583 [主线程] ERROR HK_SDK_DEMO.GrabImage - 采图错误
